0 info it worked if it ends with ok
1 verbose cli [ '/Users/fox/.nvm/versions/node/v5.7.1/bin/node',
1 verbose cli   '/Users/fox/.nvm/versions/node/v5.7.1/bin/npm',
1 verbose cli   'run',
1 verbose cli   'lint' ]
2 info using npm@3.6.0
3 info using node@v5.7.1
4 verbose run-script [ 'prelint', 'lint', 'postlint' ]
5 info lifecycle transport@0.0.1~prelint: transport@0.0.1
6 silly lifecycle transport@0.0.1~prelint: no script for prelint, continuing
7 info lifecycle transport@0.0.1~lint: transport@0.0.1
8 verbose lifecycle transport@0.0.1~lint: unsafe-perm in lifecycle true
9 verbose lifecycle transport@0.0.1~lint: PATH: /Users/fox/.nvm/versions/node/v5.7.1/lib/node_modules/npm/bin/node-gyp-bin:/Users/fox/Workspace/OpenDNS/Kraken/transport/node_modules/.bin:/Users/fox/.rvm/gems/ruby-2.2.1/bin:/Users/fox/.rvm/gems/ruby-2.2.1@global/bin:/Users/fox/.rvm/rubies/ruby-2.2.1/bin:/Users/fox/.nvm/versions/node/v5.7.1/bin:/usr/local/bin:/usr/bin:/bin:/usr/sbin:/sbin:/Users/fox/.rvm/bin
10 verbose lifecycle transport@0.0.1~lint: CWD: /Users/fox/Workspace/OpenDNS/Kraken/transport
11 silly lifecycle transport@0.0.1~lint: Args: [ '-c', 'eslint src/ test/*.test.js' ]
12 silly lifecycle transport@0.0.1~lint: Returned: code: 1  signal: null
13 info lifecycle transport@0.0.1~lint: Failed to exec lint script
14 verbose stack Error: transport@0.0.1 lint: `eslint src/ test/*.test.js`
14 verbose stack Exit status 1
14 verbose stack     at EventEmitter.<anonymous> (/Users/fox/.nvm/versions/node/v5.7.1/lib/node_modules/npm/lib/utils/lifecycle.js:232:16)
14 verbose stack     at emitTwo (events.js:100:13)
14 verbose stack     at EventEmitter.emit (events.js:185:7)
14 verbose stack     at ChildProcess.<anonymous> (/Users/fox/.nvm/versions/node/v5.7.1/lib/node_modules/npm/lib/utils/spawn.js:24:14)
14 verbose stack     at emitTwo (events.js:100:13)
14 verbose stack     at ChildProcess.emit (events.js:185:7)
14 verbose stack     at maybeClose (internal/child_process.js:827:16)
14 verbose stack     at Process.ChildProcess._handle.onexit (internal/child_process.js:211:5)
15 verbose pkgid transport@0.0.1
16 verbose cwd /Users/fox/Workspace/OpenDNS/Kraken/transport
17 error Darwin 15.2.0
18 error argv "/Users/fox/.nvm/versions/node/v5.7.1/bin/node" "/Users/fox/.nvm/versions/node/v5.7.1/bin/npm" "run" "lint"
19 error node v5.7.1
20 error npm  v3.6.0
21 error code ELIFECYCLE
22 error transport@0.0.1 lint: `eslint src/ test/*.test.js`
22 error Exit status 1
23 error Failed at the transport@0.0.1 lint script 'eslint src/ test/*.test.js'.
23 error Make sure you have the latest version of node.js and npm installed.
23 error If you do, this is most likely a problem with the transport package,
23 error not with npm itself.
23 error Tell the author that this fails on your system:
23 error     eslint src/ test/*.test.js
23 error You can get information on how to open an issue for this project with:
23 error     npm bugs transport
23 error Or if that isn't available, you can get their info via:
23 error     npm owner ls transport
23 error There is likely additional logging output above.
24 verbose exit [ 1, true ]
